Flow report for top_cpld
Thu May 09 23:23:44 2019
Quartus II 64-Bit Version 13.1.0 Build 162 10/23/2013 SJ Full Version


---------------------
; Table of Contents ;
---------------------
  1. Legal Notice
  2. Flow Summary
  3. Flow Settings
  4. Flow Non-Default Global Settings
  5. Flow Elapsed Time
  6. Flow OS Summary
  7. Flow Log
  8. Flow Messages
  9. Flow Suppressed Messages



----------------
; Legal Notice ;
----------------
Copyright (C) 1991-2013 Altera Corporation
Your use of Altera Corporation's design tools, logic functions 
and other software and tools, and its AMPP partner logic 
functions, and any output files from any of the foregoing 
(including device programming or simulation files), and any 
associated documentation or information are expressly subject 
to the terms and conditions of the Altera Program License 
Subscription Agreement, Altera MegaCore Function License 
Agreement, or other applicable license agreement, including, 
without limitation, that your use is for the sole purpose of 
programming logic devices manufactured by Altera and sold by 
Altera or its authorized distributors.  Please refer to the 
applicable agreement for further details.



+-------------------------------------------------------------------------+
; Flow Summary                                                            ;
+---------------------------+---------------------------------------------+
; Flow Status               ; Successful - Thu May 09 23:23:40 2019       ;
; Quartus II 64-Bit Version ; 13.1.0 Build 162 10/23/2013 SJ Full Version ;
; Revision Name             ; top_cpld                                    ;
; Top-level Entity Name     ; top_cpld                                    ;
; Family                    ; MAX II                                      ;
; Device                    ; EPM240T100C5                                ;
; Timing Models             ; Final                                       ;
; Total logic elements      ; 61 / 240 ( 25 % )                           ;
; Total pins                ; 80 / 80 ( 100 % )                           ;
; Total virtual pins        ; 0                                           ;
; UFM blocks                ; 0 / 1 ( 0 % )                               ;
+---------------------------+---------------------------------------------+


+-----------------------------------------+
; Flow Settings                           ;
+-------------------+---------------------+
; Option            ; Setting             ;
+-------------------+---------------------+
; Start date & time ; 05/09/2019 23:23:29 ;
; Main task         ; Compilation         ;
; Revision Name     ; top_cpld            ;
+-------------------+---------------------+


+-------------------------------------------------------------------------------------------------------------------+
; Flow Non-Default Global Settings                                                                                  ;
+---------------------------------------+--------------------------------+---------------+-------------+------------+
; Assignment Name                       ; Value                          ; Default Value ; Entity Name ; Section Id ;
+---------------------------------------+--------------------------------+---------------+-------------+------------+
; COMPILER_SIGNATURE_ID                 ; 59384479779635.155741540806648 ; --            ; --          ; --         ;
; MAX_CORE_JUNCTION_TEMP                ; 85                             ; --            ; --          ; --         ;
; MIN_CORE_JUNCTION_TEMP                ; 0                              ; --            ; --          ; --         ;
; POWER_EXT_SUPPLY_VOLTAGE_TO_REGULATOR ; 3.3V                           ; --            ; --          ; --         ;
; PROJECT_OUTPUT_DIRECTORY              ; output_files                   ; --            ; --          ; --         ;
+---------------------------------------+--------------------------------+---------------+-------------+------------+


+-------------------------------------------------------------------------------------------------------------------------------+
; Flow Elapsed Time                                                                                                             ;
+---------------------------+--------------+-------------------------+---------------------+------------------------------------+
; Module Name               ; Elapsed Time ; Average Processors Used ; Peak Virtual Memory ; Total CPU Time (on all processors) ;
+---------------------------+--------------+-------------------------+---------------------+------------------------------------+
; Analysis & Synthesis      ; 00:00:03     ; 1.0                     ; 451 MB              ; 00:00:02                           ;
; Fitter                    ; 00:00:04     ; 1.0                     ; 1008 MB             ; 00:00:04                           ;
; Assembler                 ; 00:00:02     ; 1.0                     ; 415 MB              ; 00:00:01                           ;
; TimeQuest Timing Analyzer ; 00:00:03     ; 1.0                     ; 431 MB              ; 00:00:02                           ;
; Total                     ; 00:00:12     ; --                      ; --                  ; 00:00:09                           ;
+---------------------------+--------------+-------------------------+---------------------+------------------------------------+


+----------------------------------------------------------------------------------------+
; Flow OS Summary                                                                        ;
+---------------------------+------------------+-----------+------------+----------------+
; Module Name               ; Machine Hostname ; OS Name   ; OS Version ; Processor type ;
+---------------------------+------------------+-----------+------------+----------------+
; Analysis & Synthesis      ; cisco-PC         ; Windows 7 ; 6.1        ; x86_64         ;
; Fitter                    ; cisco-PC         ; Windows 7 ; 6.1        ; x86_64         ;
; Assembler                 ; cisco-PC         ; Windows 7 ; 6.1        ; x86_64         ;
; TimeQuest Timing Analyzer ; cisco-PC         ; Windows 7 ; 6.1        ; x86_64         ;
+---------------------------+------------------+-----------+------------+----------------+


------------
; Flow Log ;
------------
quartus_map --read_settings_files=on --write_settings_files=off top_cpld -c top_cpld
quartus_fit --read_settings_files=off --write_settings_files=off top_cpld -c top_cpld
quartus_asm --read_settings_files=off --write_settings_files=off top_cpld -c top_cpld
quartus_sta top_cpld -c top_cpld



